{
  "RSpec": {
    "coverage": {
      "/Users/taylorvaroglu/Desktop/DesktopFiles/mod2/independent_challenges/young-thunder-2893/spec/features/movies/show_spec.rb": {
        "lines": [
          1,
          null,
          1,
          null,
          null,
          null,
          null,
          null,
          null,
          null,
          1,
          1,
          null,
          null,
          1,
          null,
          null,
          null,
          1,
          null,
          null,
          null,
          null,
          1,
          null,
          null,
          1,
          1,
          1,
          1,
          1,
          1,
          null,
          null,
          1,
          1,
          null,
          null,
          1,
          null,
          null,
          null,
          null,
          null,
          1,
          null,
          null,
          null,
          null,
          null,
          null,
          3,
          null,
          1,
          1,
          1,
          null,
          1,
          1,
          1,
          null,
          1,
          1,
          1,
          null,
          null,
          1,
          null,
          1,
          null,
          null,
          null
        ]
      },
      "/Users/taylorvaroglu/Desktop/DesktopFiles/mod2/independent_challenges/young-thunder-2893/config/environment.rb": {
        "lines": [
          null,
          1,
          null,
          null,
          1
        ]
      },
      "/Users/taylorvaroglu/Desktop/DesktopFiles/mod2/independent_challenges/young-thunder-2893/config/application.rb": {
        "lines": [
          1,
          null,
          1,
          null,
          1,
          1,
          1,
          1,
          1,
          1,
          1,
          1,
          1,
          null,
          null,
          null,
          null,
          1,
          null,
          1,
          1,
          null,
          1,
          null,
          null,
          null,
          null,
          null,
          null,
          null,
          1,
          null,
          null
        ]
      },
      "/Users/taylorvaroglu/Desktop/DesktopFiles/mod2/independent_challenges/young-thunder-2893/config/boot.rb": {
        "lines": [
          1,
          null,
          1,
          1
        ]
      },
      "/Users/taylorvaroglu/Desktop/DesktopFiles/mod2/independent_challenges/young-thunder-2893/config/environments/test.rb": {
        "lines": [
          1,
          null,
          null,
          null,
          null,
          null,
          null,
          1,
          null,
          null,
          null,
          null,
          1,
          null,
          null,
          1,
          1,
          null,
          null,
          null,
          null,
          1,
          1,
          null,
          null,
          1,
          null,
          null,
          1,
          null,
          null,
          1,
          null,
          1,
          null,
          null,
          null,
          null,
          1,
          null,
          null,
          1,
          null,
          null,
          null,
          null
        ]
      },
      "/Users/taylorvaroglu/Desktop/DesktopFiles/mod2/independent_challenges/young-thunder-2893/config/initializers/application_controller_renderer.rb": {
        "lines": [
          null,
          null,
          null,
          null,
          null,
          null,
          null,
          null
        ]
      },
      "/Users/taylorvaroglu/Desktop/DesktopFiles/mod2/independent_challenges/young-thunder-2893/config/initializers/assets.rb": {
        "lines": [
          null,
          null,
          null,
          1,
          null,
          null,
          null,
          null,
          1,
          null,
          null,
          null,
          null,
          null
        ]
      },
      "/Users/taylorvaroglu/Desktop/DesktopFiles/mod2/independent_challenges/young-thunder-2893/config/initializers/backtrace_silencers.rb": {
        "lines": [
          null,
          null,
          null,
          null,
          null,
          null,
          null
        ]
      },
      "/Users/taylorvaroglu/Desktop/DesktopFiles/mod2/independent_challenges/young-thunder-2893/config/initializers/content_security_policy.rb": {
        "lines": [
          null,
          null,
          null,
          null,
          null,
          null,
          null,
          null,
          null,
          null,
          null,
          null,
          null,
          null,
          null,
          null,
          null,
          null,
          null,
          null,
          null,
          null,
          null,
          null,
          null
        ]
      },
      "/Users/taylorvaroglu/Desktop/DesktopFiles/mod2/independent_challenges/young-thunder-2893/config/initializers/cookies_serializer.rb": {
        "lines": [
          null,
          null,
          null,
          null,
          1
        ]
      },
      "/Users/taylorvaroglu/Desktop/DesktopFiles/mod2/independent_challenges/young-thunder-2893/config/initializers/filter_parameter_logging.rb": {
        "lines": [
          null,
          null,
          null,
          1
        ]
      },
      "/Users/taylorvaroglu/Desktop/DesktopFiles/mod2/independent_challenges/young-thunder-2893/config/initializers/inflections.rb": {
        "lines": [
          null,
          null,
          null,
          null,
          null,
          null,
          null,
          null,
          null,
          null,
          null,
          null,
          null,
          null,
          null,
          null
        ]
      },
      "/Users/taylorvaroglu/Desktop/DesktopFiles/mod2/independent_challenges/young-thunder-2893/config/initializers/mime_types.rb": {
        "lines": [
          null,
          null,
          null,
          null
        ]
      },
      "/Users/taylorvaroglu/Desktop/DesktopFiles/mod2/independent_challenges/young-thunder-2893/config/initializers/wrap_parameters.rb": {
        "lines": [
          null,
          null,
          null,
          null,
          null,
          null,
          1,
          2,
          null,
          null,
          null,
          null,
          null,
          null
        ]
      },
      "/Users/taylorvaroglu/Desktop/DesktopFiles/mod2/independent_challenges/young-thunder-2893/config/routes.rb": {
        "lines": [
          1,
          null,
          1,
          null,
          1,
          null,
          null
        ]
      },
      "/Users/taylorvaroglu/Desktop/DesktopFiles/mod2/independent_challenges/young-thunder-2893/app/helpers/application_helper.rb": {
        "lines": [
          1,
          null
        ]
      },
      "/Users/taylorvaroglu/Desktop/DesktopFiles/mod2/independent_challenges/young-thunder-2893/spec/features/studios/index_spec.rb": {
        "lines": [
          1,
          null,
          1,
          null,
          null,
          null,
          null,
          null,
          null,
          1,
          1,
          null,
          null,
          null,
          1,
          null,
          null,
          1,
          1,
          1,
          null,
          null,
          null
        ]
      },
      "/Users/taylorvaroglu/Desktop/DesktopFiles/mod2/independent_challenges/young-thunder-2893/spec/models/actor_spec.rb": {
        "lines": [
          1,
          null,
          1,
          1,
          null,
          2,
          2,
          null,
          null,
          null
        ]
      },
      "/Users/taylorvaroglu/Desktop/DesktopFiles/mod2/independent_challenges/young-thunder-2893/app/models/actor.rb": {
        "lines": [
          1,
          1,
          1,
          null,
          null
        ]
      },
      "/Users/taylorvaroglu/Desktop/DesktopFiles/mod2/independent_challenges/young-thunder-2893/app/models/application_record.rb": {
        "lines": [
          1,
          1,
          null
        ]
      },
      "/Users/taylorvaroglu/Desktop/DesktopFiles/mod2/independent_challenges/young-thunder-2893/spec/models/movie_actor_spec.rb": {
        "lines": [
          1,
          null,
          1,
          1,
          2,
          2,
          null,
          null,
          null
        ]
      },
      "/Users/taylorvaroglu/Desktop/DesktopFiles/mod2/independent_challenges/young-thunder-2893/app/models/movie_actor.rb": {
        "lines": [
          1,
          1,
          1,
          null,
          null
        ]
      },
      "/Users/taylorvaroglu/Desktop/DesktopFiles/mod2/independent_challenges/young-thunder-2893/spec/models/movie_spec.rb": {
        "lines": [
          1,
          null,
          1,
          1,
          null,
          2,
          null,
          2,
          2,
          null,
          null,
          1,
          1,
          1,
          null,
          null,
          1,
          null,
          null,
          null,
          null,
          null,
          1,
          null,
          null,
          null,
          null,
          null,
          null,
          null,
          3,
          null,
          1,
          null,
          1,
          1,
          null,
          null,
          1,
          null,
          null,
          null,
          null,
          null,
          1,
          null,
          null,
          null,
          null,
          null,
          null,
          null,
          3,
          null,
          1,
          null,
          1,
          1,
          1,
          null,
          null,
          null,
          null
        ]
      },
      "/Users/taylorvaroglu/Desktop/DesktopFiles/mod2/independent_challenges/young-thunder-2893/app/models/movie.rb": {
        "lines": [
          1,
          1,
          1,
          1,
          null,
          1,
          5,
          null,
          null,
          1,
          2,
          null,
          null,
          null
        ]
      },
      "/Users/taylorvaroglu/Desktop/DesktopFiles/mod2/independent_challenges/young-thunder-2893/spec/models/studio_spec.rb": {
        "lines": [
          1,
          null,
          1,
          1,
          2,
          null,
          null
        ]
      },
      "/Users/taylorvaroglu/Desktop/DesktopFiles/mod2/independent_challenges/young-thunder-2893/app/models/studio.rb": {
        "lines": [
          1,
          1,
          null
        ]
      },
      "/Users/taylorvaroglu/Desktop/DesktopFiles/mod2/independent_challenges/young-thunder-2893/app/controllers/movies_controller.rb": {
        "lines": [
          1,
          null,
          1,
          3,
          3,
          1,
          null,
          2,
          null,
          null,
          null,
          null
        ]
      },
      "/Users/taylorvaroglu/Desktop/DesktopFiles/mod2/independent_challenges/young-thunder-2893/app/controllers/application_controller.rb": {
        "lines": [
          1,
          null
        ]
      },
      "/Users/taylorvaroglu/Desktop/DesktopFiles/mod2/independent_challenges/young-thunder-2893/app/controllers/studios_controller.rb": {
        "lines": [
          1,
          null,
          1,
          1,
          null,
          null,
          null
        ]
      }
    },
    "timestamp": 1626714376
  }
}
